2023-02-06 23:13:11,702 - mmcls - INFO - Environment info:
------------------------------------------------------------
sys.platform: win32
Python: 3.9.16 (main, Jan 11 2023, 16:16:36) [MSC v.1916 64 bit (AMD64)]
CUDA available: True
GPU 0: NVIDIA GeForce RTX 3080
CUDA_HOME: C:\Program Files\NVIDIA GPU Computing Toolkit\CUDA\v11.7
NVCC: Cuda compilation tools, release 11.7, V11.7.99
MSVC: 用于 x64 的 Microsoft (R) C/C++ 优化编译器 19.34.31937 版
GCC: n/a
PyTorch: 1.13.1+cu117
PyTorch compiling details: PyTorch built with:
  - C++ Version: 199711
  - MSVC 192829337
  - Intel(R) Math Kernel Library Version 2020.0.2 Product Build 20200624 for Intel(R) 64 architecture applications
  - Intel(R) MKL-DNN v2.6.0 (Git Hash 52b5f107dd9cf10910aaa19cb47f3abf9b349815)
  - OpenMP 2019
  - LAPACK is enabled (usually provided by MKL)
  - CPU capability usage: AVX2
  - CUDA Runtime 11.7
  - NVCC architecture flags: -gencode;arch=compute_37,code=sm_37;-gencode;arch=compute_50,code=sm_50;-gencode;arch=compute_60,code=sm_60;-gencode;arch=compute_61,code=sm_61;-gencode;arch=compute_70,code=sm_70;-gencode;arch=compute_75,code=sm_75;-gencode;arch=compute_80,code=sm_80;-gencode;arch=compute_86,code=sm_86;-gencode;arch=compute_37,code=compute_37
  - CuDNN 8.5
  - Magma 2.5.4
  - Build settings: BLAS_INFO=mkl, BUILD_TYPE=Release, CUDA_VERSION=11.7, CUDNN_VERSION=8.5.0, CXX_COMPILER=C:/actions-runner/_work/pytorch/pytorch/builder/windows/tmp_bin/sccache-cl.exe, CXX_FLAGS=/DWIN32 /D_WINDOWS /GR /EHsc /w /bigobj -DUSE_PTHREADPOOL -openmp:experimental -IC:/actions-runner/_work/pytorch/pytorch/builder/windows/mkl/include -DNDEBUG -DUSE_KINETO -DLIBKINETO_NOCUPTI -DUSE_FBGEMM -DUSE_XNNPACK -DSYMBOLICATE_MOBILE_DEBUG_HANDLE -DEDGE_PROFILER_USE_KINETO, LAPACK_INFO=mkl, PERF_WITH_AVX=1, PERF_WITH_AVX2=1, PERF_WITH_AVX512=1, TORCH_VERSION=1.13.1, USE_CUDA=ON, USE_CUDNN=ON, USE_EXCEPTION_PTR=1, USE_GFLAGS=OFF, USE_GLOG=OFF, USE_MKL=ON, USE_MKLDNN=ON, USE_MPI=OFF, USE_NCCL=OFF, USE_NNPACK=OFF, USE_OPENMP=ON, USE_ROCM=OFF, 

TorchVision: 0.14.1+cu117
OpenCV: 4.7.0
MMCV: 1.7.1
MMCV Compiler: MSVC 192829924
MMCV CUDA Compiler: 11.7
MMClassification: 0.25.0+
------------------------------------------------------------

2023-02-06 23:13:11,703 - mmcls - INFO - Distributed training: False
2023-02-06 23:13:11,789 - mmcls - INFO - Config:
model = dict(
    type='ImageClassifier',
    backbone=dict(
        type='ResNet',
        depth=18,
        num_stages=4,
        out_indices=(3, ),
        style='pytorch'),
    neck=dict(type='GlobalAveragePooling'),
    head=dict(
        type='LinearClsHead',
        num_classes=5,
        in_channels=512,
        loss=dict(type='CrossEntropyLoss', loss_weight=1.0),
        topk=(1, )))
dataset_type = 'ImageNet'
img_norm_cfg = dict(
    mean=[123.675, 116.28, 103.53], std=[58.395, 57.12, 57.375], to_rgb=True)
train_pipeline = [
    dict(type='LoadImageFromFile'),
    dict(type='RandomResizedCrop', size=224),
    dict(type='RandomFlip', flip_prob=0.5, direction='horizontal'),
    dict(
        type='Normalize',
        mean=[123.675, 116.28, 103.53],
        std=[58.395, 57.12, 57.375],
        to_rgb=True),
    dict(type='ImageToTensor', keys=['img']),
    dict(type='ToTensor', keys=['gt_label']),
    dict(type='Collect', keys=['img', 'gt_label'])
]
test_pipeline = [
    dict(type='LoadImageFromFile'),
    dict(type='Resize', size=(256, -1)),
    dict(type='CenterCrop', crop_size=224),
    dict(
        type='Normalize',
        mean=[123.675, 116.28, 103.53],
        std=[58.395, 57.12, 57.375],
        to_rgb=True),
    dict(type='ImageToTensor', keys=['img']),
    dict(type='Collect', keys=['img'])
]
data = dict(
    samples_per_gpu=32,
    workers_per_gpu=2,
    train=dict(
        type='ImageNet',
        data_prefix='data/flower/train',
        pipeline=[
            dict(type='LoadImageFromFile'),
            dict(type='RandomResizedCrop', size=224),
            dict(type='RandomFlip', flip_prob=0.5, direction='horizontal'),
            dict(
                type='Normalize',
                mean=[123.675, 116.28, 103.53],
                std=[58.395, 57.12, 57.375],
                to_rgb=True),
            dict(type='ImageToTensor', keys=['img']),
            dict(type='ToTensor', keys=['gt_label']),
            dict(type='Collect', keys=['img', 'gt_label'])
        ],
        ann_file=None,
        classes='data/flower/classes.txt'),
    val=dict(
        type='ImageNet',
        data_prefix='data/flower/val',
        ann_file=None,
        pipeline=[
            dict(type='LoadImageFromFile'),
            dict(type='Resize', size=(256, -1)),
            dict(type='CenterCrop', crop_size=224),
            dict(
                type='Normalize',
                mean=[123.675, 116.28, 103.53],
                std=[58.395, 57.12, 57.375],
                to_rgb=True),
            dict(type='ImageToTensor', keys=['img']),
            dict(type='Collect', keys=['img'])
        ],
        classes='data/flower/classes.txt'),
    test=dict(
        type='ImageNet',
        data_prefix='data/imagenet/val',
        ann_file='data/imagenet/meta/val.txt',
        pipeline=[
            dict(type='LoadImageFromFile'),
            dict(type='Resize', size=(256, -1)),
            dict(type='CenterCrop', crop_size=224),
            dict(
                type='Normalize',
                mean=[123.675, 116.28, 103.53],
                std=[58.395, 57.12, 57.375],
                to_rgb=True),
            dict(type='ImageToTensor', keys=['img']),
            dict(type='Collect', keys=['img'])
        ]))
evaluation = dict(interval=1, metric='accuracy')
checkpoint_config = dict(interval=1)
log_config = dict(interval=100, hooks=[dict(type='TextLoggerHook')])
dist_params = dict(backend='nccl')
log_level = 'INFO'
load_from = 'checkpoints/resnet18_8xb32_in1k_20210831-fbbb1da6.pth'
resume_from = None
workflow = [('train', 1)]
optimizer = dict(type='SGD', lr=0.001, momentum=0.9, weight_decay=0.0001)
optimizer_config = dict(grad_clip=None)
lr_config = dict(policy='step', step=[1])
runner = dict(type='EpochBasedRunner', max_epochs=100)
work_dir = './work_dirs\resnet18_b32_flower'
gpu_ids = [0]

2023-02-06 23:13:11,791 - mmcls - INFO - Set random seed to 611404582, deterministic: False
2023-02-06 23:13:12,228 - mmcls - INFO - load checkpoint from local path: checkpoints/resnet18_8xb32_in1k_20210831-fbbb1da6.pth
2023-02-06 23:13:12,256 - mmcls - WARNING - The model and loaded state dict do not match exactly

size mismatch for head.fc.weight: copying a param with shape torch.Size([1000, 512]) from checkpoint, the shape in current model is torch.Size([5, 512]).
size mismatch for head.fc.bias: copying a param with shape torch.Size([1000]) from checkpoint, the shape in current model is torch.Size([5]).
2023-02-06 23:13:12,259 - mmcls - INFO - Start running, host: mch@DESKTOP-2DKAC60, work_dir: C:\Users\mch\mmclassification\work_dirs\resnet18_b32_flower
2023-02-06 23:13:12,259 - mmcls - INFO - Hooks will be executed in the following order:
before_run:
(VERY_HIGH   ) StepLrUpdaterHook                  
(NORMAL      ) CheckpointHook                     
(LOW         ) EvalHook                           
(VERY_LOW    ) TextLoggerHook                     
 -------------------- 
before_train_epoch:
(VERY_HIGH   ) StepLrUpdaterHook                  
(LOW         ) IterTimerHook                      
(LOW         ) EvalHook                           
(VERY_LOW    ) TextLoggerHook                     
 -------------------- 
before_train_iter:
(VERY_HIGH   ) StepLrUpdaterHook                  
(LOW         ) IterTimerHook                      
(LOW         ) EvalHook                           
 -------------------- 
after_train_iter:
(ABOVE_NORMAL) OptimizerHook                      
(NORMAL      ) CheckpointHook                     
(LOW         ) IterTimerHook                      
(LOW         ) EvalHook                           
(VERY_LOW    ) TextLoggerHook                     
 -------------------- 
after_train_epoch:
(NORMAL      ) CheckpointHook                     
(LOW         ) EvalHook                           
(VERY_LOW    ) TextLoggerHook                     
 -------------------- 
before_val_epoch:
(LOW         ) IterTimerHook                      
(VERY_LOW    ) TextLoggerHook                     
 -------------------- 
before_val_iter:
(LOW         ) IterTimerHook                      
 -------------------- 
after_val_iter:
(LOW         ) IterTimerHook                      
 -------------------- 
after_val_epoch:
(VERY_LOW    ) TextLoggerHook                     
 -------------------- 
after_run:
(VERY_LOW    ) TextLoggerHook                     
 -------------------- 
2023-02-06 23:13:12,259 - mmcls - INFO - workflow: [('train', 1)], max: 100 epochs
2023-02-06 23:13:12,260 - mmcls - INFO - Checkpoints will be saved to C:\Users\mch\mmclassification\work_dirs\resnet18_b32_flower by HardDiskBackend.
2023-02-06 23:13:27,606 - mmcls - INFO - Saving checkpoint at 1 epochs
2023-02-06 23:13:34,529 - mmcls - INFO - Epoch(val) [1][32]	accuracy_top-1: 91.9450, accuracy_top-5: 100.0000
2023-02-06 23:13:39,883 - mmcls - INFO - Saving checkpoint at 2 epochs
2023-02-06 23:13:41,361 - mmcls - INFO - Epoch(val) [2][32]	accuracy_top-1: 92.6326, accuracy_top-5: 100.0000
2023-02-06 23:13:46,669 - mmcls - INFO - Saving checkpoint at 3 epochs
2023-02-06 23:13:48,156 - mmcls - INFO - Epoch(val) [3][32]	accuracy_top-1: 93.7132, accuracy_top-5: 100.0000
2023-02-06 23:13:53,467 - mmcls - INFO - Saving checkpoint at 4 epochs
2023-02-06 23:13:54,975 - mmcls - INFO - Epoch(val) [4][32]	accuracy_top-1: 93.5167, accuracy_top-5: 100.0000
2023-02-06 23:14:00,265 - mmcls - INFO - Saving checkpoint at 5 epochs
2023-02-06 23:14:01,754 - mmcls - INFO - Epoch(val) [5][32]	accuracy_top-1: 93.5167, accuracy_top-5: 100.0000
2023-02-06 23:14:07,073 - mmcls - INFO - Saving checkpoint at 6 epochs
2023-02-06 23:14:08,552 - mmcls - INFO - Epoch(val) [6][32]	accuracy_top-1: 93.9096, accuracy_top-5: 100.0000
2023-02-06 23:14:13,894 - mmcls - INFO - Saving checkpoint at 7 epochs
2023-02-06 23:14:15,355 - mmcls - INFO - Epoch(val) [7][32]	accuracy_top-1: 94.7937, accuracy_top-5: 100.0000
2023-02-06 23:14:20,661 - mmcls - INFO - Saving checkpoint at 8 epochs
2023-02-06 23:14:22,130 - mmcls - INFO - Epoch(val) [8][32]	accuracy_top-1: 94.5973, accuracy_top-5: 100.0000
2023-02-06 23:14:27,432 - mmcls - INFO - Saving checkpoint at 9 epochs
2023-02-06 23:14:28,898 - mmcls - INFO - Epoch(val) [9][32]	accuracy_top-1: 94.7937, accuracy_top-5: 100.0000
2023-02-06 23:14:34,240 - mmcls - INFO - Saving checkpoint at 10 epochs
2023-02-06 23:14:35,711 - mmcls - INFO - Epoch(val) [10][32]	accuracy_top-1: 94.4990, accuracy_top-5: 100.0000
2023-02-06 23:14:41,045 - mmcls - INFO - Saving checkpoint at 11 epochs
2023-02-06 23:14:42,528 - mmcls - INFO - Epoch(val) [11][32]	accuracy_top-1: 95.5796, accuracy_top-5: 100.0000
2023-02-06 23:14:47,856 - mmcls - INFO - Saving checkpoint at 12 epochs
2023-02-06 23:14:49,313 - mmcls - INFO - Epoch(val) [12][32]	accuracy_top-1: 95.5796, accuracy_top-5: 100.0000
2023-02-06 23:14:54,660 - mmcls - INFO - Saving checkpoint at 13 epochs
2023-02-06 23:14:56,158 - mmcls - INFO - Epoch(val) [13][32]	accuracy_top-1: 95.0884, accuracy_top-5: 100.0000
2023-02-06 23:15:01,459 - mmcls - INFO - Saving checkpoint at 14 epochs
2023-02-06 23:15:02,903 - mmcls - INFO - Epoch(val) [14][32]	accuracy_top-1: 95.4813, accuracy_top-5: 100.0000
2023-02-06 23:15:08,201 - mmcls - INFO - Saving checkpoint at 15 epochs
2023-02-06 23:15:09,648 - mmcls - INFO - Epoch(val) [15][32]	accuracy_top-1: 95.5796, accuracy_top-5: 100.0000
2023-02-06 23:15:14,990 - mmcls - INFO - Saving checkpoint at 16 epochs
2023-02-06 23:15:16,459 - mmcls - INFO - Epoch(val) [16][32]	accuracy_top-1: 95.5796, accuracy_top-5: 100.0000
2023-02-06 23:15:21,786 - mmcls - INFO - Saving checkpoint at 17 epochs
2023-02-06 23:15:23,259 - mmcls - INFO - Epoch(val) [17][32]	accuracy_top-1: 95.4813, accuracy_top-5: 100.0000
2023-02-06 23:15:28,586 - mmcls - INFO - Saving checkpoint at 18 epochs
2023-02-06 23:15:30,091 - mmcls - INFO - Epoch(val) [18][32]	accuracy_top-1: 96.4637, accuracy_top-5: 100.0000
2023-02-06 23:15:35,422 - mmcls - INFO - Saving checkpoint at 19 epochs
2023-02-06 23:15:36,909 - mmcls - INFO - Epoch(val) [19][32]	accuracy_top-1: 95.7760, accuracy_top-5: 100.0000
2023-02-06 23:15:42,227 - mmcls - INFO - Saving checkpoint at 20 epochs
2023-02-06 23:15:43,654 - mmcls - INFO - Epoch(val) [20][32]	accuracy_top-1: 96.0707, accuracy_top-5: 100.0000
2023-02-06 23:15:48,965 - mmcls - INFO - Saving checkpoint at 21 epochs
2023-02-06 23:15:50,491 - mmcls - INFO - Epoch(val) [21][32]	accuracy_top-1: 96.1690, accuracy_top-5: 100.0000
2023-02-06 23:15:55,822 - mmcls - INFO - Saving checkpoint at 22 epochs
2023-02-06 23:15:57,277 - mmcls - INFO - Epoch(val) [22][32]	accuracy_top-1: 96.1690, accuracy_top-5: 100.0000
2023-02-06 23:16:02,584 - mmcls - INFO - Saving checkpoint at 23 epochs
2023-02-06 23:16:04,079 - mmcls - INFO - Epoch(val) [23][32]	accuracy_top-1: 96.5619, accuracy_top-5: 100.0000
2023-02-06 23:16:09,410 - mmcls - INFO - Saving checkpoint at 24 epochs
2023-02-06 23:16:10,893 - mmcls - INFO - Epoch(val) [24][32]	accuracy_top-1: 96.3654, accuracy_top-5: 100.0000
2023-02-06 23:16:16,222 - mmcls - INFO - Saving checkpoint at 25 epochs
2023-02-06 23:16:17,711 - mmcls - INFO - Epoch(val) [25][32]	accuracy_top-1: 96.5619, accuracy_top-5: 100.0000
2023-02-06 23:16:23,029 - mmcls - INFO - Saving checkpoint at 26 epochs
2023-02-06 23:16:24,558 - mmcls - INFO - Epoch(val) [26][32]	accuracy_top-1: 96.2672, accuracy_top-5: 100.0000
2023-02-06 23:16:29,847 - mmcls - INFO - Saving checkpoint at 27 epochs
2023-02-06 23:16:31,323 - mmcls - INFO - Epoch(val) [27][32]	accuracy_top-1: 96.7584, accuracy_top-5: 100.0000
2023-02-06 23:16:36,620 - mmcls - INFO - Saving checkpoint at 28 epochs
2023-02-06 23:16:38,063 - mmcls - INFO - Epoch(val) [28][32]	accuracy_top-1: 96.5619, accuracy_top-5: 100.0000
2023-02-06 23:16:43,409 - mmcls - INFO - Saving checkpoint at 29 epochs
2023-02-06 23:16:44,892 - mmcls - INFO - Epoch(val) [29][32]	accuracy_top-1: 96.6601, accuracy_top-5: 100.0000
2023-02-06 23:16:50,228 - mmcls - INFO - Saving checkpoint at 30 epochs
2023-02-06 23:16:51,662 - mmcls - INFO - Epoch(val) [30][32]	accuracy_top-1: 96.6601, accuracy_top-5: 100.0000
2023-02-06 23:16:56,996 - mmcls - INFO - Saving checkpoint at 31 epochs
2023-02-06 23:16:58,463 - mmcls - INFO - Epoch(val) [31][32]	accuracy_top-1: 97.0530, accuracy_top-5: 100.0000
2023-02-06 23:17:03,798 - mmcls - INFO - Saving checkpoint at 32 epochs
2023-02-06 23:17:05,221 - mmcls - INFO - Epoch(val) [32][32]	accuracy_top-1: 96.6601, accuracy_top-5: 100.0000
2023-02-06 23:17:10,545 - mmcls - INFO - Saving checkpoint at 33 epochs
2023-02-06 23:17:12,000 - mmcls - INFO - Epoch(val) [33][32]	accuracy_top-1: 96.9548, accuracy_top-5: 100.0000
2023-02-06 23:17:17,331 - mmcls - INFO - Saving checkpoint at 34 epochs
2023-02-06 23:17:18,753 - mmcls - INFO - Epoch(val) [34][32]	accuracy_top-1: 97.2495, accuracy_top-5: 100.0000
2023-02-06 23:17:24,053 - mmcls - INFO - Saving checkpoint at 35 epochs
2023-02-06 23:17:25,548 - mmcls - INFO - Epoch(val) [35][32]	accuracy_top-1: 96.9548, accuracy_top-5: 100.0000
2023-02-06 23:17:30,838 - mmcls - INFO - Saving checkpoint at 36 epochs
2023-02-06 23:17:32,262 - mmcls - INFO - Epoch(val) [36][32]	accuracy_top-1: 97.0530, accuracy_top-5: 100.0000
2023-02-06 23:17:37,628 - mmcls - INFO - Saving checkpoint at 37 epochs
2023-02-06 23:17:39,087 - mmcls - INFO - Epoch(val) [37][32]	accuracy_top-1: 97.1513, accuracy_top-5: 100.0000
2023-02-06 23:17:44,426 - mmcls - INFO - Saving checkpoint at 38 epochs
2023-02-06 23:17:45,910 - mmcls - INFO - Epoch(val) [38][32]	accuracy_top-1: 96.8566, accuracy_top-5: 100.0000
2023-02-06 23:17:51,258 - mmcls - INFO - Saving checkpoint at 39 epochs
2023-02-06 23:17:52,671 - mmcls - INFO - Epoch(val) [39][32]	accuracy_top-1: 97.4460, accuracy_top-5: 100.0000
2023-02-06 23:17:58,052 - mmcls - INFO - Saving checkpoint at 40 epochs
2023-02-06 23:17:59,474 - mmcls - INFO - Epoch(val) [40][32]	accuracy_top-1: 97.1513, accuracy_top-5: 100.0000
2023-02-06 23:18:04,810 - mmcls - INFO - Saving checkpoint at 41 epochs
2023-02-06 23:18:06,267 - mmcls - INFO - Epoch(val) [41][32]	accuracy_top-1: 96.7584, accuracy_top-5: 100.0000
2023-02-06 23:18:11,653 - mmcls - INFO - Saving checkpoint at 42 epochs
2023-02-06 23:18:13,069 - mmcls - INFO - Epoch(val) [42][32]	accuracy_top-1: 97.4460, accuracy_top-5: 100.0000
2023-02-06 23:18:18,472 - mmcls - INFO - Saving checkpoint at 43 epochs
2023-02-06 23:18:19,945 - mmcls - INFO - Epoch(val) [43][32]	accuracy_top-1: 97.1513, accuracy_top-5: 100.0000
2023-02-06 23:18:25,255 - mmcls - INFO - Saving checkpoint at 44 epochs
2023-02-06 23:18:26,735 - mmcls - INFO - Epoch(val) [44][32]	accuracy_top-1: 97.5442, accuracy_top-5: 100.0000
2023-02-06 23:18:32,035 - mmcls - INFO - Saving checkpoint at 45 epochs
2023-02-06 23:18:33,533 - mmcls - INFO - Epoch(val) [45][32]	accuracy_top-1: 97.9371, accuracy_top-5: 100.0000
2023-02-06 23:18:38,807 - mmcls - INFO - Saving checkpoint at 46 epochs
2023-02-06 23:18:40,295 - mmcls - INFO - Epoch(val) [46][32]	accuracy_top-1: 97.4460, accuracy_top-5: 100.0000
2023-02-06 23:18:45,596 - mmcls - INFO - Saving checkpoint at 47 epochs
2023-02-06 23:18:47,056 - mmcls - INFO - Epoch(val) [47][32]	accuracy_top-1: 97.4460, accuracy_top-5: 100.0000
2023-02-06 23:18:52,404 - mmcls - INFO - Saving checkpoint at 48 epochs
2023-02-06 23:18:53,828 - mmcls - INFO - Epoch(val) [48][32]	accuracy_top-1: 97.4460, accuracy_top-5: 100.0000
2023-02-06 23:18:59,211 - mmcls - INFO - Saving checkpoint at 49 epochs
2023-02-06 23:19:00,704 - mmcls - INFO - Epoch(val) [49][32]	accuracy_top-1: 98.2318, accuracy_top-5: 100.0000
2023-02-06 23:19:06,053 - mmcls - INFO - Saving checkpoint at 50 epochs
2023-02-06 23:19:07,583 - mmcls - INFO - Epoch(val) [50][32]	accuracy_top-1: 97.6424, accuracy_top-5: 100.0000
2023-02-06 23:19:12,913 - mmcls - INFO - Saving checkpoint at 51 epochs
2023-02-06 23:19:14,371 - mmcls - INFO - Epoch(val) [51][32]	accuracy_top-1: 97.8389, accuracy_top-5: 100.0000
2023-02-06 23:19:19,757 - mmcls - INFO - Saving checkpoint at 52 epochs
2023-02-06 23:19:21,310 - mmcls - INFO - Epoch(val) [52][32]	accuracy_top-1: 97.8389, accuracy_top-5: 100.0000
2023-02-06 23:19:26,627 - mmcls - INFO - Saving checkpoint at 53 epochs
2023-02-06 23:19:28,078 - mmcls - INFO - Epoch(val) [53][32]	accuracy_top-1: 98.2318, accuracy_top-5: 100.0000
2023-02-06 23:19:33,451 - mmcls - INFO - Saving checkpoint at 54 epochs
2023-02-06 23:19:34,964 - mmcls - INFO - Epoch(val) [54][32]	accuracy_top-1: 97.8389, accuracy_top-5: 100.0000
2023-02-06 23:19:40,304 - mmcls - INFO - Saving checkpoint at 55 epochs
2023-02-06 23:19:41,744 - mmcls - INFO - Epoch(val) [55][32]	accuracy_top-1: 98.4283, accuracy_top-5: 100.0000
2023-02-06 23:19:46,986 - mmcls - INFO - Saving checkpoint at 56 epochs
2023-02-06 23:19:48,439 - mmcls - INFO - Epoch(val) [56][32]	accuracy_top-1: 97.5442, accuracy_top-5: 100.0000
2023-02-06 23:19:53,777 - mmcls - INFO - Saving checkpoint at 57 epochs
2023-02-06 23:19:55,241 - mmcls - INFO - Epoch(val) [57][32]	accuracy_top-1: 98.0354, accuracy_top-5: 100.0000
2023-02-06 23:20:00,805 - mmcls - INFO - Saving checkpoint at 58 epochs
2023-02-06 23:20:02,232 - mmcls - INFO - Epoch(val) [58][32]	accuracy_top-1: 98.5265, accuracy_top-5: 100.0000
2023-02-06 23:20:07,636 - mmcls - INFO - Saving checkpoint at 59 epochs
2023-02-06 23:20:09,130 - mmcls - INFO - Epoch(val) [59][32]	accuracy_top-1: 98.1336, accuracy_top-5: 100.0000
2023-02-06 23:20:14,380 - mmcls - INFO - Saving checkpoint at 60 epochs
2023-02-06 23:20:15,886 - mmcls - INFO - Epoch(val) [60][32]	accuracy_top-1: 98.1336, accuracy_top-5: 100.0000
2023-02-06 23:20:21,244 - mmcls - INFO - Saving checkpoint at 61 epochs
2023-02-06 23:20:22,677 - mmcls - INFO - Epoch(val) [61][32]	accuracy_top-1: 98.1336, accuracy_top-5: 100.0000
2023-02-06 23:20:28,019 - mmcls - INFO - Saving checkpoint at 62 epochs
2023-02-06 23:20:29,502 - mmcls - INFO - Epoch(val) [62][32]	accuracy_top-1: 98.0354, accuracy_top-5: 100.0000
2023-02-06 23:20:35,470 - mmcls - INFO - Saving checkpoint at 63 epochs
2023-02-06 23:20:36,931 - mmcls - INFO - Epoch(val) [63][32]	accuracy_top-1: 97.9371, accuracy_top-5: 100.0000
2023-02-06 23:20:42,235 - mmcls - INFO - Saving checkpoint at 64 epochs
2023-02-06 23:20:43,656 - mmcls - INFO - Epoch(val) [64][32]	accuracy_top-1: 98.1336, accuracy_top-5: 100.0000
2023-02-06 23:20:48,972 - mmcls - INFO - Saving checkpoint at 65 epochs
2023-02-06 23:20:50,399 - mmcls - INFO - Epoch(val) [65][32]	accuracy_top-1: 98.1336, accuracy_top-5: 100.0000
2023-02-06 23:20:55,738 - mmcls - INFO - Saving checkpoint at 66 epochs
2023-02-06 23:20:57,144 - mmcls - INFO - Epoch(val) [66][32]	accuracy_top-1: 98.3301, accuracy_top-5: 100.0000
2023-02-06 23:21:02,488 - mmcls - INFO - Saving checkpoint at 67 epochs
2023-02-06 23:21:03,921 - mmcls - INFO - Epoch(val) [67][32]	accuracy_top-1: 98.5265, accuracy_top-5: 100.0000
2023-02-06 23:21:09,255 - mmcls - INFO - Saving checkpoint at 68 epochs
2023-02-06 23:21:10,703 - mmcls - INFO - Epoch(val) [68][32]	accuracy_top-1: 98.5265, accuracy_top-5: 100.0000
2023-02-06 23:21:16,077 - mmcls - INFO - Saving checkpoint at 69 epochs
2023-02-06 23:21:17,571 - mmcls - INFO - Epoch(val) [69][32]	accuracy_top-1: 99.0177, accuracy_top-5: 100.0000
2023-02-06 23:21:22,897 - mmcls - INFO - Saving checkpoint at 70 epochs
2023-02-06 23:21:24,441 - mmcls - INFO - Epoch(val) [70][32]	accuracy_top-1: 98.8212, accuracy_top-5: 100.0000
2023-02-06 23:21:29,770 - mmcls - INFO - Saving checkpoint at 71 epochs
2023-02-06 23:21:31,183 - mmcls - INFO - Epoch(val) [71][32]	accuracy_top-1: 98.8212, accuracy_top-5: 100.0000
2023-02-06 23:21:36,528 - mmcls - INFO - Saving checkpoint at 72 epochs
2023-02-06 23:21:37,935 - mmcls - INFO - Epoch(val) [72][32]	accuracy_top-1: 98.9194, accuracy_top-5: 100.0000
2023-02-06 23:21:43,327 - mmcls - INFO - Saving checkpoint at 73 epochs
2023-02-06 23:21:44,830 - mmcls - INFO - Epoch(val) [73][32]	accuracy_top-1: 97.9371, accuracy_top-5: 100.0000
2023-02-06 23:21:51,677 - mmcls - INFO - Saving checkpoint at 74 epochs
2023-02-06 23:21:53,085 - mmcls - INFO - Epoch(val) [74][32]	accuracy_top-1: 98.5265, accuracy_top-5: 100.0000
2023-02-06 23:21:58,386 - mmcls - INFO - Saving checkpoint at 75 epochs
2023-02-06 23:21:59,818 - mmcls - INFO - Epoch(val) [75][32]	accuracy_top-1: 98.7230, accuracy_top-5: 100.0000
2023-02-06 23:22:06,151 - mmcls - INFO - Saving checkpoint at 76 epochs
2023-02-06 23:22:07,616 - mmcls - INFO - Epoch(val) [76][32]	accuracy_top-1: 98.8212, accuracy_top-5: 100.0000
2023-02-06 23:22:12,942 - mmcls - INFO - Saving checkpoint at 77 epochs
2023-02-06 23:22:14,393 - mmcls - INFO - Epoch(val) [77][32]	accuracy_top-1: 99.0177, accuracy_top-5: 100.0000
2023-02-06 23:22:19,751 - mmcls - INFO - Saving checkpoint at 78 epochs
2023-02-06 23:22:21,189 - mmcls - INFO - Epoch(val) [78][32]	accuracy_top-1: 99.0177, accuracy_top-5: 100.0000
2023-02-06 23:22:26,534 - mmcls - INFO - Saving checkpoint at 79 epochs
2023-02-06 23:22:27,981 - mmcls - INFO - Epoch(val) [79][32]	accuracy_top-1: 99.1159, accuracy_top-5: 100.0000
2023-02-06 23:22:33,280 - mmcls - INFO - Saving checkpoint at 80 epochs
2023-02-06 23:22:34,699 - mmcls - INFO - Epoch(val) [80][32]	accuracy_top-1: 98.8212, accuracy_top-5: 100.0000
2023-02-06 23:22:40,043 - mmcls - INFO - Saving checkpoint at 81 epochs
2023-02-06 23:22:41,486 - mmcls - INFO - Epoch(val) [81][32]	accuracy_top-1: 99.1159, accuracy_top-5: 100.0000
2023-02-06 23:22:46,851 - mmcls - INFO - Saving checkpoint at 82 epochs
2023-02-06 23:22:48,283 - mmcls - INFO - Epoch(val) [82][32]	accuracy_top-1: 98.9194, accuracy_top-5: 100.0000
2023-02-06 23:22:53,635 - mmcls - INFO - Saving checkpoint at 83 epochs
2023-02-06 23:22:55,074 - mmcls - INFO - Epoch(val) [83][32]	accuracy_top-1: 99.3124, accuracy_top-5: 100.0000
2023-02-06 23:23:00,410 - mmcls - INFO - Saving checkpoint at 84 epochs
2023-02-06 23:23:01,833 - mmcls - INFO - Epoch(val) [84][32]	accuracy_top-1: 99.0177, accuracy_top-5: 100.0000
2023-02-06 23:23:07,121 - mmcls - INFO - Saving checkpoint at 85 epochs
2023-02-06 23:23:08,538 - mmcls - INFO - Epoch(val) [85][32]	accuracy_top-1: 98.7230, accuracy_top-5: 100.0000
2023-02-06 23:23:13,873 - mmcls - INFO - Saving checkpoint at 86 epochs
2023-02-06 23:23:15,288 - mmcls - INFO - Epoch(val) [86][32]	accuracy_top-1: 98.8212, accuracy_top-5: 100.0000
2023-02-06 23:23:20,653 - mmcls - INFO - Saving checkpoint at 87 epochs
2023-02-06 23:23:22,043 - mmcls - INFO - Epoch(val) [87][32]	accuracy_top-1: 98.8212, accuracy_top-5: 100.0000
2023-02-06 23:23:27,334 - mmcls - INFO - Saving checkpoint at 88 epochs
2023-02-06 23:23:28,766 - mmcls - INFO - Epoch(val) [88][32]	accuracy_top-1: 99.1159, accuracy_top-5: 100.0000
2023-02-06 23:23:34,090 - mmcls - INFO - Saving checkpoint at 89 epochs
2023-02-06 23:23:35,520 - mmcls - INFO - Epoch(val) [89][32]	accuracy_top-1: 98.9194, accuracy_top-5: 100.0000
2023-02-06 23:23:40,867 - mmcls - INFO - Saving checkpoint at 90 epochs
2023-02-06 23:23:42,325 - mmcls - INFO - Epoch(val) [90][32]	accuracy_top-1: 99.0177, accuracy_top-5: 100.0000
2023-02-06 23:23:47,710 - mmcls - INFO - Saving checkpoint at 91 epochs
2023-02-06 23:23:49,167 - mmcls - INFO - Epoch(val) [91][32]	accuracy_top-1: 99.3124, accuracy_top-5: 100.0000
2023-02-06 23:23:54,475 - mmcls - INFO - Saving checkpoint at 92 epochs
2023-02-06 23:23:55,928 - mmcls - INFO - Epoch(val) [92][32]	accuracy_top-1: 99.1159, accuracy_top-5: 100.0000
2023-02-06 23:24:01,304 - mmcls - INFO - Saving checkpoint at 93 epochs
2023-02-06 23:24:02,734 - mmcls - INFO - Epoch(val) [93][32]	accuracy_top-1: 99.2141, accuracy_top-5: 100.0000
2023-02-06 23:24:08,077 - mmcls - INFO - Saving checkpoint at 94 epochs
2023-02-06 23:24:09,492 - mmcls - INFO - Epoch(val) [94][32]	accuracy_top-1: 98.9194, accuracy_top-5: 100.0000
2023-02-06 23:24:14,840 - mmcls - INFO - Saving checkpoint at 95 epochs
2023-02-06 23:24:16,282 - mmcls - INFO - Epoch(val) [95][32]	accuracy_top-1: 98.9194, accuracy_top-5: 100.0000
2023-02-06 23:24:21,607 - mmcls - INFO - Saving checkpoint at 96 epochs
2023-02-06 23:24:23,010 - mmcls - INFO - Epoch(val) [96][32]	accuracy_top-1: 99.1159, accuracy_top-5: 100.0000
2023-02-06 23:24:28,302 - mmcls - INFO - Saving checkpoint at 97 epochs
2023-02-06 23:24:29,706 - mmcls - INFO - Epoch(val) [97][32]	accuracy_top-1: 99.5088, accuracy_top-5: 100.0000
2023-02-06 23:24:35,070 - mmcls - INFO - Saving checkpoint at 98 epochs
2023-02-06 23:24:38,857 - mmcls - INFO - Epoch(val) [98][32]	accuracy_top-1: 99.2141, accuracy_top-5: 100.0000
2023-02-06 23:24:44,294 - mmcls - INFO - Saving checkpoint at 99 epochs
2023-02-06 23:24:45,736 - mmcls - INFO - Epoch(val) [99][32]	accuracy_top-1: 99.4106, accuracy_top-5: 100.0000
2023-02-06 23:24:51,111 - mmcls - INFO - Saving checkpoint at 100 epochs
2023-02-06 23:24:52,573 - mmcls - INFO - Epoch(val) [100][32]	accuracy_top-1: 99.4106, accuracy_top-5: 100.0000
